<component name="libraryTable">
  <library name="junitsrc">
    <CLASSES />
    <JAVADOC />
    <SOURCES>
      <root url="jar://D:/JAVA/eclipse/plugins/org.junit.source_4.11.0.v201303080030.jar!/junitsrc" />
    </SOURCES>
  </library>
</component>